[1016/151308.430:ERROR:directory_reader_win.cc(43)] FindFirstFile: O sistema não pode encontrar o caminho especificado. (0x3)
[1016/151352.657:ERROR:process_reader_win.cc(123)] NtOpenThread: {Acesso Negado} Um processo solicitou acesso a um objeto, mas o direito de acesso não lhe foi concedido. (0xc0000022)
[1016/151352.658:ERROR:exception_snapshot_win.cc(99)] thread ID 18356 not found in process
[1016/151352.761:ERROR:process_reader_win.cc(123)] NtOpenThread: {Acesso Negado} Um processo solicitou acesso a um objeto, mas o direito de acesso não lhe foi concedido. (0xc0000022)
[1016/151352.761:ERROR:exception_snapshot_win.cc(99)] thread ID 18184 not found in process
[1016/152419.047:ERROR:directory_reader_win.cc(43)] FindFirstFile: O sistema não pode encontrar o caminho especificado. (0x3)
[1016/153146.442:ERROR:process_reader_win.cc(151)] SuspendThread: Acesso negado. (0x5)
[1016/153146.444:ERROR:process_reader_win.cc(151)] SuspendThread: Acesso negado. (0x5)
[1016/153146.446:ERROR:process_reader_win.cc(151)] SuspendThread: Acesso negado. (0x5)
[1016/153146.445:ERROR:process_reader_win.cc(123)] NtOpenThread: {Acesso Negado} Um processo solicitou acesso a um objeto, mas o direito de acesso não lhe foi concedido. (0xc0000022)
[1016/153146.464:ERROR:exception_snapshot_win.cc(99)] thread ID 19264 not found in process
[1016/153146.446:ERROR:process_reader_win.cc(123)] NtOpenThread: {Acesso Negado} Um processo solicitou acesso a um objeto, mas o direito de acesso não lhe foi concedido. (0xc0000022)
[1016/153146.464:ERROR:exception_snapshot_win.cc(99)] thread ID 13564 not found in process
[1016/153146.526:ERROR:process_reader_win.cc(123)] NtOpenThread: {Acesso Negado} Um processo solicitou acesso a um objeto, mas o direito de acesso não lhe foi concedido. (0xc0000022)
[1016/153146.526:ERROR:exception_snapshot_win.cc(99)] thread ID 17060 not found in process
[1016/153146.687:ERROR:process_reader_win.cc(123)] NtOpenThread: {Acesso Negado} Um processo solicitou acesso a um objeto, mas o direito de acesso não lhe foi concedido. (0xc0000022)
[1016/153146.687:ERROR:exception_snapshot_win.cc(99)] thread ID 15644 not found in process
[1016/154542.508:ERROR:directory_reader_win.cc(43)] FindFirstFile: O sistema não pode encontrar o caminho especificado. (0x3)
[1110/144802.806:ERROR:process_reader_win.cc(123)] NtOpenThread: {Acesso Negado} Um processo solicitou acesso a um objeto, mas o direito de acesso não lhe foi concedido. (0xc0000022)
[1110/144802.914:ERROR:exception_snapshot_win.cc(99)] thread ID 3416 not found in process
[1110/144802.969:ERROR:process_reader_win.cc(123)] NtOpenThread: {Acesso Negado} Um processo solicitou acesso a um objeto, mas o direito de acesso não lhe foi concedido. (0xc0000022)
[1110/144802.969:ERROR:exception_snapshot_win.cc(99)] thread ID 15860 not found in process
[1110/145521.506:ERROR:process_reader_win.cc(123)] NtOpenThread: {Acesso Negado} Um processo solicitou acesso a um objeto, mas o direito de acesso não lhe foi concedido. (0xc0000022)
[1110/145521.508:ERROR:process_reader_win.cc(123)] NtOpenThread: {Acesso Negado} Um processo solicitou acesso a um objeto, mas o direito de acesso não lhe foi concedido. (0xc0000022)
[1110/145521.577:ERROR:exception_snapshot_win.cc(99)] thread ID 17232 not found in process
[1110/145521.577:ERROR:exception_snapshot_win.cc(99)] thread ID 17472 not found in process
[1110/145522.307:ERROR:process_reader_win.cc(123)] NtOpenThread: {Acesso Negado} Um processo solicitou acesso a um objeto, mas o direito de acesso não lhe foi concedido. (0xc0000022)
[1110/145522.307:ERROR:process_reader_win.cc(123)] NtOpenThread: {Acesso Negado} Um processo solicitou acesso a um objeto, mas o direito de acesso não lhe foi concedido. (0xc0000022)
[1110/145522.307:ERROR:exception_snapshot_win.cc(99)] thread ID 17492 not found in process
[1110/145522.307:ERROR:exception_snapshot_win.cc(99)] thread ID 15788 not found in process
[1110/150002.536:ERROR:process_reader_win.cc(151)] SuspendThread: Acesso negado. (0x5)
[1110/150002.539:ERROR:process_reader_win.cc(151)] SuspendThread: Acesso negado. (0x5)
[1110/150002.544:ERROR:process_reader_win.cc(151)] SuspendThread: Acesso negado. (0x5)
[1110/150002.544:ERROR:process_reader_win.cc(123)] NtOpenThread: {Acesso Negado} Um processo solicitou acesso a um objeto, mas o direito de acesso não lhe foi concedido. (0xc0000022)
[1110/150002.546:ERROR:exception_snapshot_win.cc(99)] thread ID 17368 not found in process
[1110/150002.545:ERROR:process_reader_win.cc(123)] NtOpenThread: {Acesso Negado} Um processo solicitou acesso a um objeto, mas o direito de acesso não lhe foi concedido. (0xc0000022)
[1110/150002.546:ERROR:exception_snapshot_win.cc(99)] thread ID 17588 not found in process
[1110/150002.602:ERROR:process_reader_win.cc(123)] NtOpenThread: {Acesso Negado} Um processo solicitou acesso a um objeto, mas o direito de acesso não lhe foi concedido. (0xc0000022)
[1110/150002.602:ERROR:process_reader_win.cc(123)] NtOpenThread: {Acesso Negado} Um processo solicitou acesso a um objeto, mas o direito de acesso não lhe foi concedido. (0xc0000022)
[1110/150002.602:ERROR:exception_snapshot_win.cc(99)] thread ID 16916 not found in process
[1110/150002.602:ERROR:exception_snapshot_win.cc(99)] thread ID 32 not found in process
[1110/161050.649:ERROR:process_reader_win.cc(123)] NtOpenThread: {Acesso Negado} Um processo solicitou acesso a um objeto, mas o direito de acesso não lhe foi concedido. (0xc0000022)
[1110/161050.684:ERROR:exception_snapshot_win.cc(99)] thread ID 10748 not found in process
[1110/161051.075:ERROR:process_reader_win.cc(123)] NtOpenThread: {Acesso Negado} Um processo solicitou acesso a um objeto, mas o direito de acesso não lhe foi concedido. (0xc0000022)
[1110/161051.075:ERROR:exception_snapshot_win.cc(99)] thread ID 14320 not found in process
[1110/161902.062:ERROR:process_reader_win.cc(151)] SuspendThread: Acesso negado. (0x5)
[1110/161902.115:ERROR:process_reader_win.cc(123)] NtOpenThread: {Acesso Negado} Um processo solicitou acesso a um objeto, mas o direito de acesso não lhe foi concedido. (0xc0000022)
[1110/161902.116:ERROR:exception_snapshot_win.cc(99)] thread ID 19020 not found in process
[1110/161902.317:ERROR:process_reader_win.cc(123)] NtOpenThread: {Acesso Negado} Um processo solicitou acesso a um objeto, mas o direito de acesso não lhe foi concedido. (0xc0000022)
[1110/161902.317:ERROR:exception_snapshot_win.cc(99)] thread ID 19316 not found in process
[1110/163946.757:ERROR:process_reader_win.cc(123)] NtOpenThread: {Acesso Negado} Um processo solicitou acesso a um objeto, mas o direito de acesso não lhe foi concedido. (0xc0000022)
[1110/163946.780:ERROR:exception_snapshot_win.cc(99)] thread ID 17940 not found in process
[1110/163946.963:ERROR:process_reader_win.cc(123)] NtOpenThread: {Acesso Negado} Um processo solicitou acesso a um objeto, mas o direito de acesso não lhe foi concedido. (0xc0000022)
[1110/163946.963:ERROR:exception_snapshot_win.cc(99)] thread ID 6252 not found in process
[1110/165112.729:ERROR:process_reader_win.cc(151)] SuspendThread: Acesso negado. (0x5)
[1110/165112.732:ERROR:process_reader_win.cc(151)] SuspendThread: Acesso negado. (0x5)
[1110/165112.750:ERROR:process_reader_win.cc(123)] NtOpenThread: {Acesso Negado} Um processo solicitou acesso a um objeto, mas o direito de acesso não lhe foi concedido. (0xc0000022)
[1110/165112.750:ERROR:process_reader_win.cc(123)] NtOpenThread: {Acesso Negado} Um processo solicitou acesso a um objeto, mas o direito de acesso não lhe foi concedido. (0xc0000022)
[1110/165112.751:ERROR:exception_snapshot_win.cc(99)] thread ID 17872 not found in process
[1110/165112.751:ERROR:exception_snapshot_win.cc(99)] thread ID 19236 not found in process
[1110/165112.782:ERROR:process_reader_win.cc(123)] NtOpenThread: {Acesso Negado} Um processo solicitou acesso a um objeto, mas o direito de acesso não lhe foi concedido. (0xc0000022)
[1110/165112.782:ERROR:exception_snapshot_win.cc(99)] thread ID 10772 not found in process
[1110/165112.868:ERROR:process_reader_win.cc(151)] SuspendThread: Acesso negado. (0x5)
[1110/165112.868:ERROR:process_reader_win.cc(151)] SuspendThread: Acesso negado. (0x5)
[1110/165112.868:ERROR:process_reader_win.cc(151)] SuspendThread: Acesso negado. (0x5)
[1110/165112.870:ERROR:process_reader_win.cc(151)] SuspendThread: Acesso negado. (0x5)
[1110/165112.897:ERROR:process_reader_win.cc(151)] SuspendThread: Acesso negado. (0x5)
[1110/165112.897:ERROR:process_reader_win.cc(151)] SuspendThread: Acesso negado. (0x5)
[1110/165112.897:ERROR:process_reader_win.cc(151)] SuspendThread: Acesso negado. (0x5)
[1110/165112.897:ERROR:process_reader_win.cc(151)] SuspendThread: Acesso negado. (0x5)
[1110/165112.897:ERROR:process_reader_win.cc(151)] SuspendThread: Acesso negado. (0x5)
[1110/165112.897:ERROR:process_reader_win.cc(151)] SuspendThread: Acesso negado. (0x5)
[1110/165112.897:ERROR:process_reader_win.cc(123)] NtOpenThread: {Acesso Negado} Um processo solicitou acesso a um objeto, mas o direito de acesso não lhe foi concedido. (0xc0000022)
[1110/165112.897:ERROR:exception_snapshot_win.cc(99)] thread ID 128 not found in process
[1110/165112.897:ERROR:process_reader_win.cc(123)] NtOpenThread: {Acesso Negado} Um processo solicitou acesso a um objeto, mas o direito de acesso não lhe foi concedido. (0xc0000022)
[1110/165112.897:ERROR:exception_snapshot_win.cc(99)] thread ID 15648 not found in process
[1110/165113.100:ERROR:process_reader_win.cc(123)] NtOpenThread: {Acesso Negado} Um processo solicitou acesso a um objeto, mas o direito de acesso não lhe foi concedido. (0xc0000022)
[1110/165113.103:ERROR:exception_snapshot_win.cc(99)] thread ID 1172 not found in process
[1110/165113.232:ERROR:process_reader_win.cc(123)] NtOpenThread: {Acesso Negado} Um processo solicitou acesso a um objeto, mas o direito de acesso não lhe foi concedido. (0xc0000022)
[1110/165113.232:ERROR:exception_snapshot_win.cc(99)] thread ID 14456 not found in process
[1110/165113.292:ERROR:process_reader_win.cc(123)] NtOpenThread: {Acesso Negado} Um processo solicitou acesso a um objeto, mas o direito de acesso não lhe foi concedido. (0xc0000022)
[1110/165113.292:ERROR:exception_snapshot_win.cc(99)] thread ID 13848 not found in process
[1110/165356.558:ERROR:process_reader_win.cc(151)] SuspendThread: Acesso negado. (0x5)
[1110/165356.563:ERROR:process_reader_win.cc(151)] SuspendThread: Acesso negado. (0x5)
[1110/165356.563:ERROR:process_reader_win.cc(123)] NtOpenThread: {Acesso Negado} Um processo solicitou acesso a um objeto, mas o direito de acesso não lhe foi concedido. (0xc0000022)
[1110/165356.564:ERROR:exception_snapshot_win.cc(99)] thread ID 16716 not found in process
[1110/165356.612:ERROR:process_reader_win.cc(151)] SuspendThread: Acesso negado. (0x5)
[1110/165356.613:ERROR:process_reader_win.cc(151)] SuspendThread: Acesso negado. (0x5)
[1110/165356.613:ERROR:process_reader_win.cc(151)] SuspendThread: Acesso negado. (0x5)
[1110/165356.613:ERROR:process_reader_win.cc(151)] SuspendThread: Acesso negado. (0x5)
[1110/165356.613:ERROR:process_reader_win.cc(123)] NtOpenThread: {Acesso Negado} Um processo solicitou acesso a um objeto, mas o direito de acesso não lhe foi concedido. (0xc0000022)
[1110/165356.613:ERROR:exception_snapshot_win.cc(99)] thread ID 12232 not found in process
[1112/102712.218:ERROR:directory_reader_win.cc(43)] FindFirstFile: O sistema não pode encontrar o caminho especificado. (0x3)
[1112/104414.432:ERROR:directory_reader_win.cc(43)] FindFirstFile: O sistema não pode encontrar o caminho especificado. (0x3)
[1112/104801.585:ERROR:process_reader_win.cc(123)] NtOpenThread: {Acesso Negado} Um processo solicitou acesso a um objeto, mas o direito de acesso não lhe foi concedido. (0xc0000022)
[1112/104801.619:ERROR:exception_snapshot_win.cc(99)] thread ID 14656 not found in process
[1112/104801.866:ERROR:process_reader_win.cc(123)] NtOpenThread: {Acesso Negado} Um processo solicitou acesso a um objeto, mas o direito de acesso não lhe foi concedido. (0xc0000022)
[1112/104801.866:ERROR:exception_snapshot_win.cc(99)] thread ID 16380 not found in process
[1112/105903.009:ERROR:directory_reader_win.cc(43)] FindFirstFile: O sistema não pode encontrar o caminho especificado. (0x3)
[1112/111329.164:ERROR:directory_reader_win.cc(43)] FindFirstFile: O sistema não pode encontrar o caminho especificado. (0x3)
[1112/111342.087:ERROR:process_reader_win.cc(123)] NtOpenThread: {Acesso Negado} Um processo solicitou acesso a um objeto, mas o direito de acesso não lhe foi concedido. (0xc0000022)
[1112/111342.101:ERROR:exception_snapshot_win.cc(99)] thread ID 15068 not found in process
[1112/111342.165:ERROR:process_reader_win.cc(123)] NtOpenThread: {Acesso Negado} Um processo solicitou acesso a um objeto, mas o direito de acesso não lhe foi concedido. (0xc0000022)
[1112/111342.165:ERROR:exception_snapshot_win.cc(99)] thread ID 11448 not found in process
[1112/111523.194:ERROR:process_reader_win.cc(151)] SuspendThread: Acesso negado. (0x5)
[1112/111523.197:ERROR:process_reader_win.cc(151)] SuspendThread: Acesso negado. (0x5)
[1112/111523.197:ERROR:process_reader_win.cc(123)] NtOpenThread: {Acesso Negado} Um processo solicitou acesso a um objeto, mas o direito de acesso não lhe foi concedido. (0xc0000022)
[1112/111523.198:ERROR:exception_snapshot_win.cc(99)] thread ID 18112 not found in process
[1112/111523.265:ERROR:process_reader_win.cc(151)] SuspendThread: Acesso negado. (0x5)
[1112/111523.265:ERROR:process_reader_win.cc(151)] SuspendThread: Acesso negado. (0x5)
[1112/111523.265:ERROR:process_reader_win.cc(151)] SuspendThread: Acesso negado. (0x5)
[1112/111523.265:ERROR:process_reader_win.cc(151)] SuspendThread: Acesso negado. (0x5)
[1112/111523.265:ERROR:process_reader_win.cc(151)] SuspendThread: Acesso negado. (0x5)
[1112/111523.265:ERROR:process_reader_win.cc(151)] SuspendThread: Acesso negado. (0x5)
[1112/111523.265:ERROR:process_reader_win.cc(123)] NtOpenThread: {Acesso Negado} Um processo solicitou acesso a um objeto, mas o direito de acesso não lhe foi concedido. (0xc0000022)
[1112/111523.265:ERROR:exception_snapshot_win.cc(99)] thread ID 17728 not found in process
[1112/114124.736:ERROR:process_reader_win.cc(151)] SuspendThread: Acesso negado. (0x5)
[1112/114124.747:ERROR:process_reader_win.cc(123)] NtOpenThread: {Acesso Negado} Um processo solicitou acesso a um objeto, mas o direito de acesso não lhe foi concedido. (0xc0000022)
[1112/114124.761:ERROR:exception_snapshot_win.cc(99)] thread ID 10164 not found in process
[1112/114125.043:ERROR:process_reader_win.cc(123)] NtOpenThread: {Acesso Negado} Um processo solicitou acesso a um objeto, mas o direito de acesso não lhe foi concedido. (0xc0000022)
[1112/114125.043:ERROR:exception_snapshot_win.cc(99)] thread ID 16912 not found in process
[1112/121833.767:ERROR:process_reader_win.cc(123)] NtOpenThread: {Acesso Negado} Um processo solicitou acesso a um objeto, mas o direito de acesso não lhe foi concedido. (0xc0000022)
[1112/121833.785:ERROR:exception_snapshot_win.cc(99)] thread ID 16548 not found in process
[1112/121833.844:ERROR:process_reader_win.cc(123)] NtOpenThread: {Acesso Negado} Um processo solicitou acesso a um objeto, mas o direito de acesso não lhe foi concedido. (0xc0000022)
[1112/121833.844:ERROR:exception_snapshot_win.cc(99)] thread ID 18384 not found in process
[1112/121958.923:ERROR:process_reader_win.cc(151)] SuspendThread: Acesso negado. (0x5)
[1112/121958.941:ERROR:process_reader_win.cc(151)] SuspendThread: Acesso negado. (0x5)
[1112/121958.941:ERROR:process_reader_win.cc(123)] NtOpenThread: {Acesso Negado} Um processo solicitou acesso a um objeto, mas o direito de acesso não lhe foi concedido. (0xc0000022)
[1112/121958.958:ERROR:exception_snapshot_win.cc(99)] thread ID 18356 not found in process
[1112/121959.024:ERROR:process_reader_win.cc(151)] SuspendThread: Acesso negado. (0x5)
[1112/121959.024:ERROR:process_reader_win.cc(151)] SuspendThread: Acesso negado. (0x5)
[1112/121959.024:ERROR:process_reader_win.cc(151)] SuspendThread: Acesso negado. (0x5)
[1112/121959.024:ERROR:process_reader_win.cc(151)] SuspendThread: Acesso negado. (0x5)
[1112/121959.025:ERROR:process_reader_win.cc(151)] SuspendThread: Acesso negado. (0x5)
[1112/121959.025:ERROR:process_reader_win.cc(123)] NtOpenThread: {Acesso Negado} Um processo solicitou acesso a um objeto, mas o direito de acesso não lhe foi concedido. (0xc0000022)
[1112/121959.025:ERROR:exception_snapshot_win.cc(99)] thread ID 18256 not found in process
[1112/122206.203:ERROR:process_reader_win.cc(123)] NtOpenThread: {Acesso Negado} Um processo solicitou acesso a um objeto, mas o direito de acesso não lhe foi concedido. (0xc0000022)
[1112/122206.247:ERROR:exception_snapshot_win.cc(99)] thread ID 15876 not found in process
[1112/122206.482:ERROR:process_reader_win.cc(123)] NtOpenThread: {Acesso Negado} Um processo solicitou acesso a um objeto, mas o direito de acesso não lhe foi concedido. (0xc0000022)
[1112/122206.482:ERROR:exception_snapshot_win.cc(99)] thread ID 7276 not found in process
[1112/142046.385:ERROR:process_reader_win.cc(123)] NtOpenThread: {Acesso Negado} Um processo solicitou acesso a um objeto, mas o direito de acesso não lhe foi concedido. (0xc0000022)
[1112/142046.429:ERROR:exception_snapshot_win.cc(99)] thread ID 6888 not found in process
[1112/142046.583:ERROR:process_reader_win.cc(123)] NtOpenThread: {Acesso Negado} Um processo solicitou acesso a um objeto, mas o direito de acesso não lhe foi concedido. (0xc0000022)
[1112/142046.584:ERROR:exception_snapshot_win.cc(99)] thread ID 18256 not found in process
[1112/142758.414:ERROR:process_reader_win.cc(123)] NtOpenThread: {Acesso Negado} Um processo solicitou acesso a um objeto, mas o direito de acesso não lhe foi concedido. (0xc0000022)
[1112/142758.462:ERROR:exception_snapshot_win.cc(99)] thread ID 17968 not found in process
[1112/142758.776:ERROR:process_reader_win.cc(123)] NtOpenThread: {Acesso Negado} Um processo solicitou acesso a um objeto, mas o direito de acesso não lhe foi concedido. (0xc0000022)
[1112/142758.776:ERROR:exception_snapshot_win.cc(99)] thread ID 13084 not found in process
[1112/144230.340:ERROR:directory_reader_win.cc(43)] FindFirstFile: O sistema não pode encontrar o caminho especificado. (0x3)
[1112/144459.269:ERROR:process_reader_win.cc(151)] SuspendThread: Acesso negado. (0x5)
[1112/144459.269:ERROR:process_reader_win.cc(123)] NtOpenThread: {Acesso Negado} Um processo solicitou acesso a um objeto, mas o direito de acesso não lhe foi concedido. (0xc0000022)
[1112/144459.292:ERROR:exception_snapshot_win.cc(99)] thread ID 1564 not found in process
[1112/144459.718:ERROR:process_reader_win.cc(123)] NtOpenThread: {Acesso Negado} Um processo solicitou acesso a um objeto, mas o direito de acesso não lhe foi concedido. (0xc0000022)
[1112/144459.718:ERROR:exception_snapshot_win.cc(99)] thread ID 15100 not found in process
[1112/145635.545:ERROR:process_reader_win.cc(151)] SuspendThread: Acesso negado. (0x5)
[1112/145635.553:ERROR:process_reader_win.cc(151)] SuspendThread: Acesso negado. (0x5)
[1112/145635.553:ERROR:process_reader_win.cc(123)] NtOpenThread: {Acesso Negado} Um processo solicitou acesso a um objeto, mas o direito de acesso não lhe foi concedido. (0xc0000022)
[1112/145635.566:ERROR:exception_snapshot_win.cc(99)] thread ID 19360 not found in process
[1112/145635.631:ERROR:process_reader_win.cc(151)] SuspendThread: Acesso negado. (0x5)
[1112/145635.631:ERROR:process_reader_win.cc(151)] SuspendThread: Acesso negado. (0x5)
[1112/145635.631:ERROR:process_reader_win.cc(151)] SuspendThread: Acesso negado. (0x5)
[1112/145635.631:ERROR:process_reader_win.cc(151)] SuspendThread: Acesso negado. (0x5)
[1112/145635.631:ERROR:process_reader_win.cc(151)] SuspendThread: Acesso negado. (0x5)
[1112/145635.631:ERROR:process_reader_win.cc(123)] NtOpenThread: {Acesso Negado} Um processo solicitou acesso a um objeto, mas o direito de acesso não lhe foi concedido. (0xc0000022)
[1112/145635.631:ERROR:exception_snapshot_win.cc(99)] thread ID 9308 not found in process
[1112/150725.153:ERROR:directory_reader_win.cc(43)] FindFirstFile: O sistema não pode encontrar o caminho especificado. (0x3)
[1112/150845.513:ERROR:process_reader_win.cc(123)] NtOpenThread: {Acesso Negado} Um processo solicitou acesso a um objeto, mas o direito de acesso não lhe foi concedido. (0xc0000022)
[1112/150845.537:ERROR:exception_snapshot_win.cc(99)] thread ID 14840 not found in process
[1112/150845.868:ERROR:process_reader_win.cc(123)] NtOpenThread: {Acesso Negado} Um processo solicitou acesso a um objeto, mas o direito de acesso não lhe foi concedido. (0xc0000022)
[1112/150845.868:ERROR:exception_snapshot_win.cc(99)] thread ID 17048 not found in process
[1112/151838.343:ERROR:process_reader_win.cc(151)] SuspendThread: Acesso negado. (0x5)
[1112/151838.346:ERROR:process_reader_win.cc(151)] SuspendThread: Acesso negado. (0x5)
[1112/151838.346:ERROR:process_reader_win.cc(123)] NtOpenThread: {Acesso Negado} Um processo solicitou acesso a um objeto, mas o direito de acesso não lhe foi concedido. (0xc0000022)
[1112/151838.347:ERROR:exception_snapshot_win.cc(99)] thread ID 11272 not found in process
[1112/151838.412:ERROR:process_reader_win.cc(123)] NtOpenThread: {Acesso Negado} Um processo solicitou acesso a um objeto, mas o direito de acesso não lhe foi concedido. (0xc0000022)
[1112/151838.412:ERROR:exception_snapshot_win.cc(99)] thread ID 3112 not found in process
[1112/152909.928:ERROR:directory_reader_win.cc(43)] FindFirstFile: O sistema não pode encontrar o caminho especificado. (0x3)
[1112/153009.772:ERROR:process_reader_win.cc(151)] SuspendThread: Acesso negado. (0x5)
[1112/153009.772:ERROR:process_reader_win.cc(151)] SuspendThread: Acesso negado. (0x5)
[1112/153009.772:ERROR:process_reader_win.cc(123)] NtOpenThread: {Acesso Negado} Um processo solicitou acesso a um objeto, mas o direito de acesso não lhe foi concedido. (0xc0000022)
[1112/153009.810:ERROR:exception_snapshot_win.cc(99)] thread ID 8348 not found in process
[1112/153010.302:ERROR:process_reader_win.cc(123)] NtOpenThread: {Acesso Negado} Um processo solicitou acesso a um objeto, mas o direito de acesso não lhe foi concedido. (0xc0000022)
[1112/153010.302:ERROR:exception_snapshot_win.cc(99)] thread ID 19052 not found in process
[1112/153757.794:ERROR:process_reader_win.cc(123)] NtOpenThread: {Acesso Negado} Um processo solicitou acesso a um objeto, mas o direito de acesso não lhe foi concedido. (0xc0000022)
[1112/153757.825:ERROR:exception_snapshot_win.cc(99)] thread ID 14852 not found in process
[1112/153758.003:ERROR:process_reader_win.cc(123)] NtOpenThread: {Acesso Negado} Um processo solicitou acesso a um objeto, mas o direito de acesso não lhe foi concedido. (0xc0000022)
[1112/153758.003:ERROR:exception_snapshot_win.cc(99)] thread ID 11456 not found in process
[1112/154327.285:ERROR:process_reader_win.cc(123)] NtOpenThread: {Acesso Negado} Um processo solicitou acesso a um objeto, mas o direito de acesso não lhe foi concedido. (0xc0000022)
[1112/154327.330:ERROR:exception_snapshot_win.cc(99)] thread ID 18864 not found in process
[1112/154327.529:ERROR:process_reader_win.cc(123)] NtOpenThread: {Acesso Negado} Um processo solicitou acesso a um objeto, mas o direito de acesso não lhe foi concedido. (0xc0000022)
[1112/154327.529:ERROR:exception_snapshot_win.cc(99)] thread ID 13792 not found in process
[1112/154727.831:ERROR:process_reader_win.cc(151)] SuspendThread: Acesso negado. (0x5)
[1112/154727.877:ERROR:process_reader_win.cc(151)] SuspendThread: Acesso negado. (0x5)
[1112/154727.877:ERROR:process_reader_win.cc(123)] NtOpenThread: {Acesso Negado} Um processo solicitou acesso a um objeto, mas o direito de acesso não lhe foi concedido. (0xc0000022)
[1112/154727.965:ERROR:exception_snapshot_win.cc(99)] thread ID 8008 not found in process
[1112/154728.149:ERROR:process_reader_win.cc(123)] NtOpenThread: {Acesso Negado} Um processo solicitou acesso a um objeto, mas o direito de acesso não lhe foi concedido. (0xc0000022)
[1112/154728.149:ERROR:exception_snapshot_win.cc(99)] thread ID 1228 not found in process
[1112/155423.217:ERROR:process_reader_win.cc(123)] NtOpenThread: {Acesso Negado} Um processo solicitou acesso a um objeto, mas o direito de acesso não lhe foi concedido. (0xc0000022)
[1112/155423.240:ERROR:exception_snapshot_win.cc(99)] thread ID 19280 not found in process
[1112/155423.277:ERROR:process_reader_win.cc(151)] SuspendThread: Acesso negado. (0x5)
[1112/155423.278:ERROR:process_reader_win.cc(123)] NtOpenThread: {Acesso Negado} Um processo solicitou acesso a um objeto, mas o direito de acesso não lhe foi concedido. (0xc0000022)
[1112/155423.278:ERROR:exception_snapshot_win.cc(99)] thread ID 18760 not found in process
[1113/103702.558:ERROR:process_reader_win.cc(123)] NtOpenThread: {Acesso Negado} Um processo solicitou acesso a um objeto, mas o direito de acesso não lhe foi concedido. (0xc0000022)
[1113/103702.582:ERROR:exception_snapshot_win.cc(99)] thread ID 4304 not found in process
[1113/103702.638:ERROR:process_reader_win.cc(123)] NtOpenThread: {Acesso Negado} Um processo solicitou acesso a um objeto, mas o direito de acesso não lhe foi concedido. (0xc0000022)
[1113/103702.638:ERROR:exception_snapshot_win.cc(99)] thread ID 11908 not found in process
[1113/104509.544:ERROR:process_reader_win.cc(151)] SuspendThread: Acesso negado. (0x5)
[1113/104509.557:ERROR:process_reader_win.cc(123)] NtOpenThread: {Acesso Negado} Um processo solicitou acesso a um objeto, mas o direito de acesso não lhe foi concedido. (0xc0000022)
[1113/104509.567:ERROR:exception_snapshot_win.cc(99)] thread ID 9372 not found in process
[1113/104509.900:ERROR:process_reader_win.cc(123)] NtOpenThread: {Acesso Negado} Um processo solicitou acesso a um objeto, mas o direito de acesso não lhe foi concedido. (0xc0000022)
[1113/104509.900:ERROR:exception_snapshot_win.cc(99)] thread ID 7176 not found in process
[1113/105138.755:ERROR:process_reader_win.cc(151)] SuspendThread: Acesso negado. (0x5)
[1113/105138.758:ERROR:process_reader_win.cc(151)] SuspendThread: Acesso negado. (0x5)
[1113/105138.772:ERROR:process_reader_win.cc(151)] SuspendThread: Acesso negado. (0x5)
[1113/105138.772:ERROR:process_reader_win.cc(123)] NtOpenThread: {Acesso Negado} Um processo solicitou acesso a um objeto, mas o direito de acesso não lhe foi concedido. (0xc0000022)
[1113/105138.772:ERROR:process_reader_win.cc(123)] NtOpenThread: {Acesso Negado} Um processo solicitou acesso a um objeto, mas o direito de acesso não lhe foi concedido. (0xc0000022)
[1113/105138.794:ERROR:exception_snapshot_win.cc(99)] thread ID 8396 not found in process
[1113/105138.794:ERROR:exception_snapshot_win.cc(99)] thread ID 16308 not found in process
[1113/105138.973:ERROR:process_reader_win.cc(123)] NtOpenThread: {Acesso Negado} Um processo solicitou acesso a um objeto, mas o direito de acesso não lhe foi concedido. (0xc0000022)
[1113/105138.973:ERROR:process_reader_win.cc(123)] NtOpenThread: {Acesso Negado} Um processo solicitou acesso a um objeto, mas o direito de acesso não lhe foi concedido. (0xc0000022)
[1113/105138.973:ERROR:exception_snapshot_win.cc(99)] thread ID 14280 not found in process
[1113/105138.973:ERROR:exception_snapshot_win.cc(99)] thread ID 14900 not found in process
[1113/105546.786:ERROR:process_reader_win.cc(123)] NtOpenThread: {Acesso Negado} Um processo solicitou acesso a um objeto, mas o direito de acesso não lhe foi concedido. (0xc0000022)
[1113/105546.779:ERROR:process_reader_win.cc(123)] NtOpenThread: {Acesso Negado} Um processo solicitou acesso a um objeto, mas o direito de acesso não lhe foi concedido. (0xc0000022)
[1113/105546.815:ERROR:exception_snapshot_win.cc(99)] thread ID 13620 not found in process
[1113/105546.815:ERROR:exception_snapshot_win.cc(99)] thread ID 16164 not found in process
[1113/105546.941:ERROR:process_reader_win.cc(151)] SuspendThread: Acesso negado. (0x5)
[1113/105546.943:ERROR:process_reader_win.cc(151)] SuspendThread: Acesso negado. (0x5)
[1113/105546.943:ERROR:process_reader_win.cc(123)] NtOpenThread: {Acesso Negado} Um processo solicitou acesso a um objeto, mas o direito de acesso não lhe foi concedido. (0xc0000022)
[1113/105546.943:ERROR:exception_snapshot_win.cc(99)] thread ID 5812 not found in process
[1113/105547.070:ERROR:process_reader_win.cc(123)] NtOpenThread: {Acesso Negado} Um processo solicitou acesso a um objeto, mas o direito de acesso não lhe foi concedido. (0xc0000022)
[1113/105547.070:ERROR:process_reader_win.cc(123)] NtOpenThread: {Acesso Negado} Um processo solicitou acesso a um objeto, mas o direito de acesso não lhe foi concedido. (0xc0000022)
[1113/105547.070:ERROR:exception_snapshot_win.cc(99)] thread ID 17068 not found in process
[1113/105547.070:ERROR:exception_snapshot_win.cc(99)] thread ID 6000 not found in process
[1113/105549.422:ERROR:process_reader_win.cc(151)] SuspendThread: Acesso negado. (0x5)
[1113/105549.422:ERROR:process_reader_win.cc(123)] NtOpenThread: {Acesso Negado} Um processo solicitou acesso a um objeto, mas o direito de acesso não lhe foi concedido. (0xc0000022)
[1113/105549.422:ERROR:exception_snapshot_win.cc(99)] thread ID 6088 not found in process
[1113/110627.887:ERROR:directory_reader_win.cc(43)] FindFirstFile: O sistema não pode encontrar o caminho especificado. (0x3)
[1113/111944.927:ERROR:process_reader_win.cc(151)] SuspendThread: Acesso negado. (0x5)
[1113/111944.927:ERROR:process_reader_win.cc(123)] NtOpenThread: {Acesso Negado} Um processo solicitou acesso a um objeto, mas o direito de acesso não lhe foi concedido. (0xc0000022)
[1113/111944.953:ERROR:exception_snapshot_win.cc(99)] thread ID 16728 not found in process
[1113/111945.325:ERROR:process_reader_win.cc(123)] NtOpenThread: {Acesso Negado} Um processo solicitou acesso a um objeto, mas o direito de acesso não lhe foi concedido. (0xc0000022)
[1113/111945.325:ERROR:exception_snapshot_win.cc(99)] thread ID 3200 not found in process
[1113/112632.775:ERROR:process_reader_win.cc(151)] SuspendThread: Acesso negado. (0x5)
[1113/112632.778:ERROR:process_reader_win.cc(151)] SuspendThread: Acesso negado. (0x5)
[1113/112632.778:ERROR:process_reader_win.cc(123)] NtOpenThread: {Acesso Negado} Um processo solicitou acesso a um objeto, mas o direito de acesso não lhe foi concedido. (0xc0000022)
[1113/112632.779:ERROR:exception_snapshot_win.cc(99)] thread ID 16032 not found in process
[1113/112632.835:ERROR:process_reader_win.cc(123)] NtOpenThread: {Acesso Negado} Um processo solicitou acesso a um objeto, mas o direito de acesso não lhe foi concedido. (0xc0000022)
[1113/112632.835:ERROR:exception_snapshot_win.cc(99)] thread ID 15924 not found in process
[1113/115020.771:ERROR:directory_reader_win.cc(43)] FindFirstFile: O sistema não pode encontrar o caminho especificado. (0x3)
[1113/121156.101:ERROR:process_reader_win.cc(151)] SuspendThread: Acesso negado. (0x5)
[1113/121156.093:ERROR:process_reader_win.cc(151)] SuspendThread: Acesso negado. (0x5)
[1113/121156.123:ERROR:process_reader_win.cc(151)] SuspendThread: Acesso negado. (0x5)
[1113/121156.123:ERROR:process_reader_win.cc(151)] SuspendThread: Acesso negado. (0x5)
[1113/121156.123:ERROR:process_reader_win.cc(151)] SuspendThread: Acesso negado. (0x5)
[1113/121156.123:ERROR:process_reader_win.cc(151)] SuspendThread: Acesso negado. (0x5)
[1113/121156.123:ERROR:process_reader_win.cc(151)] SuspendThread: Acesso negado. (0x5)
[1113/121156.123:ERROR:process_reader_win.cc(151)] SuspendThread: Acesso negado. (0x5)
[1113/121156.123:ERROR:process_reader_win.cc(151)] SuspendThread: Acesso negado. (0x5)
[1113/121156.123:ERROR:process_reader_win.cc(151)] SuspendThread: Acesso negado. (0x5)
[1113/121156.093:ERROR:process_reader_win.cc(151)] SuspendThread: Acesso negado. (0x5)
[1113/121156.094:ERROR:process_reader_win.cc(151)] SuspendThread: Acesso negado. (0x5)
[1113/121156.123:ERROR:process_reader_win.cc(151)] SuspendThread: Acesso negado. (0x5)
[1113/121156.123:ERROR:process_reader_win.cc(151)] SuspendThread: Acesso negado. (0x5)
[1113/121156.123:ERROR:process_reader_win.cc(151)] SuspendThread: Acesso negado. (0x5)
[1113/121156.123:ERROR:process_reader_win.cc(151)] SuspendThread: Acesso negado. (0x5)
[1113/121156.123:ERROR:process_reader_win.cc(151)] SuspendThread: Acesso negado. (0x5)
[1113/121156.124:ERROR:process_reader_win.cc(151)] SuspendThread: Acesso negado. (0x5)
[1113/121156.124:ERROR:process_reader_win.cc(151)] SuspendThread: Acesso negado. (0x5)
[1113/121156.124:ERROR:process_reader_win.cc(151)] SuspendThread: Acesso negado. (0x5)
[1113/121156.124:ERROR:process_reader_win.cc(151)] SuspendThread: Acesso negado. (0x5)
[1113/121156.124:ERROR:process_reader_win.cc(151)] SuspendThread: Acesso negado. (0x5)
[1113/121156.124:ERROR:process_reader_win.cc(151)] SuspendThread: Acesso negado. (0x5)
[1113/121156.124:ERROR:process_reader_win.cc(151)] SuspendThread: Acesso negado. (0x5)
[1113/121156.124:ERROR:process_reader_win.cc(151)] SuspendThread: Acesso negado. (0x5)
[1113/121156.124:ERROR:process_reader_win.cc(151)] SuspendThread: Acesso negado. (0x5)
[1113/121156.124:ERROR:process_reader_win.cc(151)] SuspendThread: Acesso negado. (0x5)
[1113/121156.124:ERROR:process_reader_win.cc(151)] SuspendThread: Acesso negado. (0x5)
[1113/121156.124:ERROR:process_reader_win.cc(151)] SuspendThread: Acesso negado. (0x5)
[1113/121156.124:ERROR:process_reader_win.cc(151)] SuspendThread: Acesso negado. (0x5)
[1113/121156.124:ERROR:process_reader_win.cc(151)] SuspendThread: Acesso negado. (0x5)
[1113/121156.124:ERROR:process_reader_win.cc(151)] SuspendThread: Acesso negado. (0x5)
[1113/121156.124:ERROR:process_reader_win.cc(151)] SuspendThread: Acesso negado. (0x5)
[1113/121156.124:ERROR:process_reader_win.cc(123)] NtOpenThread: {Acesso Negado} Um processo solicitou acesso a um objeto, mas o direito de acesso não lhe foi concedido. (0xc0000022)
[1113/121156.122:ERROR:process_reader_win.cc(123)] NtOpenThread: {Acesso Negado} Um processo solicitou acesso a um objeto, mas o direito de acesso não lhe foi concedido. (0xc0000022)
[1113/121156.124:ERROR:process_reader_win.cc(123)] NtOpenThread: {Acesso Negado} Um processo solicitou acesso a um objeto, mas o direito de acesso não lhe foi concedido. (0xc0000022)
[1113/121156.154:ERROR:exception_snapshot_win.cc(99)] thread ID 16888 not found in process
[1113/121156.154:ERROR:exception_snapshot_win.cc(99)] thread ID 16552 not found in process
[1113/121156.154:ERROR:exception_snapshot_win.cc(99)] thread ID 13752 not found in process
[1113/121156.123:ERROR:process_reader_win.cc(123)] NtOpenThread: {Acesso Negado} Um processo solicitou acesso a um objeto, mas o direito de acesso não lhe foi concedido. (0xc0000022)
[1113/121156.154:ERROR:exception_snapshot_win.cc(99)] thread ID 16252 not found in process
[1113/121156.500:ERROR:process_reader_win.cc(123)] NtOpenThread: {Acesso Negado} Um processo solicitou acesso a um objeto, mas o direito de acesso não lhe foi concedido. (0xc0000022)
[1113/121156.500:ERROR:exception_snapshot_win.cc(99)] thread ID 9872 not found in process
[1113/121156.502:ERROR:process_reader_win.cc(123)] NtOpenThread: {Acesso Negado} Um processo solicitou acesso a um objeto, mas o direito de acesso não lhe foi concedido. (0xc0000022)
[1113/121156.502:ERROR:exception_snapshot_win.cc(99)] thread ID 14260 not found in process
[1113/121156.504:ERROR:process_reader_win.cc(123)] NtOpenThread: {Acesso Negado} Um processo solicitou acesso a um objeto, mas o direito de acesso não lhe foi concedido. (0xc0000022)
[1113/121156.504:ERROR:exception_snapshot_win.cc(99)] thread ID 10648 not found in process
[1113/121156.550:ERROR:process_reader_win.cc(123)] NtOpenThread: {Acesso Negado} Um processo solicitou acesso a um objeto, mas o direito de acesso não lhe foi concedido. (0xc0000022)
[1113/121156.550:ERROR:exception_snapshot_win.cc(99)] thread ID 15960 not found in process
[1113/122222.811:ERROR:directory_reader_win.cc(43)] FindFirstFile: O sistema não pode encontrar o caminho especificado. (0x3)
[1113/122400.046:ERROR:directory_reader_win.cc(43)] FindFirstFile: O sistema não pode encontrar o caminho especificado. (0x3)
[1113/122419.758:ERROR:process_reader_win.cc(151)] SuspendThread: Acesso negado. (0x5)
[1113/122419.758:ERROR:process_reader_win.cc(151)] SuspendThread: Acesso negado. (0x5)
[1113/122419.759:ERROR:process_reader_win.cc(151)] SuspendThread: Acesso negado. (0x5)
[1113/122419.761:ERROR:process_reader_win.cc(151)] SuspendThread: Acesso negado. (0x5)
[1113/122419.759:ERROR:process_reader_win.cc(123)] NtOpenThread: {Acesso Negado} Um processo solicitou acesso a um objeto, mas o direito de acesso não lhe foi concedido. (0xc0000022)
[1113/122419.767:ERROR:exception_snapshot_win.cc(99)] thread ID 5980 not found in process
[1113/122419.761:ERROR:process_reader_win.cc(123)] NtOpenThread: {Acesso Negado} Um processo solicitou acesso a um objeto, mas o direito de acesso não lhe foi concedido. (0xc0000022)
[1113/122419.767:ERROR:exception_snapshot_win.cc(99)] thread ID 9288 not found in process
[1113/122419.761:ERROR:process_reader_win.cc(123)] NtOpenThread: {Acesso Negado} Um processo solicitou acesso a um objeto, mas o direito de acesso não lhe foi concedido. (0xc0000022)
[1113/122419.768:ERROR:exception_snapshot_win.cc(99)] thread ID 10688 not found in process
[1113/122419.771:ERROR:process_reader_win.cc(151)] SuspendThread: Acesso negado. (0x5)
[1113/122419.771:ERROR:process_reader_win.cc(123)] NtOpenThread: {Acesso Negado} Um processo solicitou acesso a um objeto, mas o direito de acesso não lhe foi concedido. (0xc0000022)
[1113/122419.774:ERROR:exception_snapshot_win.cc(99)] thread ID 9364 not found in process
[1113/122419.844:ERROR:process_reader_win.cc(151)] SuspendThread: Acesso negado. (0x5)
[1113/122419.844:ERROR:process_reader_win.cc(151)] SuspendThread: Acesso negado. (0x5)
[1113/122419.844:ERROR:process_reader_win.cc(151)] SuspendThread: Acesso negado. (0x5)
[1113/122419.844:ERROR:process_reader_win.cc(123)] NtOpenThread: {Acesso Negado} Um processo solicitou acesso a um objeto, mas o direito de acesso não lhe foi concedido. (0xc0000022)
[1113/122419.844:ERROR:exception_snapshot_win.cc(99)] thread ID 4028 not found in process
[1113/122419.845:ERROR:process_reader_win.cc(151)] SuspendThread: Acesso negado. (0x5)
[1113/122419.845:ERROR:process_reader_win.cc(151)] SuspendThread: Acesso negado. (0x5)
[1113/122419.845:ERROR:process_reader_win.cc(123)] NtOpenThread: {Acesso Negado} Um processo solicitou acesso a um objeto, mas o direito de acesso não lhe foi concedido. (0xc0000022)
[1113/122419.845:ERROR:exception_snapshot_win.cc(99)] thread ID 1324 not found in process
[1113/122419.856:ERROR:process_reader_win.cc(151)] SuspendThread: Acesso negado. (0x5)
[1113/122419.856:ERROR:process_reader_win.cc(151)] SuspendThread: Acesso negado. (0x5)
[1113/122419.856:ERROR:process_reader_win.cc(151)] SuspendThread: Acesso negado. (0x5)
[1113/122419.856:ERROR:process_reader_win.cc(123)] NtOpenThread: {Acesso Negado} Um processo solicitou acesso a um objeto, mas o direito de acesso não lhe foi concedido. (0xc0000022)
[1113/122419.857:ERROR:exception_snapshot_win.cc(99)] thread ID 18340 not found in process
[1113/122419.859:ERROR:process_reader_win.cc(151)] SuspendThread: Acesso negado. (0x5)
[1113/122419.859:ERROR:process_reader_win.cc(151)] SuspendThread: Acesso negado. (0x5)
[1113/122419.859:ERROR:process_reader_win.cc(151)] SuspendThread: Acesso negado. (0x5)
[1113/122419.859:ERROR:process_reader_win.cc(151)] SuspendThread: Acesso negado. (0x5)
[1113/122419.859:ERROR:process_reader_win.cc(151)] SuspendThread: Acesso negado. (0x5)
[1113/122419.859:ERROR:process_reader_win.cc(151)] SuspendThread: Acesso negado. (0x5)
[1113/122419.859:ERROR:process_reader_win.cc(151)] SuspendThread: Acesso negado. (0x5)
[1113/122419.859:ERROR:process_reader_win.cc(151)] SuspendThread: Acesso negado. (0x5)
[1113/122419.859:ERROR:process_reader_win.cc(151)] SuspendThread: Acesso negado. (0x5)
[1113/122419.859:ERROR:process_reader_win.cc(151)] SuspendThread: Acesso negado. (0x5)
[1113/122419.859:ERROR:process_reader_win.cc(123)] NtOpenThread: {Acesso Negado} Um processo solicitou acesso a um objeto, mas o direito de acesso não lhe foi concedido. (0xc0000022)
[1113/122419.859:ERROR:exception_snapshot_win.cc(99)] thread ID 17808 not found in process
[1113/123402.510:ERROR:process_reader_win.cc(123)] NtOpenThread: {Acesso Negado} Um processo solicitou acesso a um objeto, mas o direito de acesso não lhe foi concedido. (0xc0000022)
[1113/123402.548:ERROR:exception_snapshot_win.cc(99)] thread ID 12776 not found in process
[1113/123402.612:ERROR:process_reader_win.cc(123)] NtOpenThread: {Acesso Negado} Um processo solicitou acesso a um objeto, mas o direito de acesso não lhe foi concedido. (0xc0000022)
[1113/123402.612:ERROR:exception_snapshot_win.cc(99)] thread ID 17472 not found in process
[1113/142101.582:ERROR:process_reader_win.cc(123)] NtOpenThread: {Acesso Negado} Um processo solicitou acesso a um objeto, mas o direito de acesso não lhe foi concedido. (0xc0000022)
[1113/142101.894:ERROR:exception_snapshot_win.cc(99)] thread ID 13940 not found in process
[1113/142102.132:ERROR:process_reader_win.cc(123)] NtOpenThread: {Acesso Negado} Um processo solicitou acesso a um objeto, mas o direito de acesso não lhe foi concedido. (0xc0000022)
[1113/142102.132:ERROR:exception_snapshot_win.cc(99)] thread ID 17056 not found in process
[1113/142504.063:ERROR:process_reader_win.cc(151)] SuspendThread: Acesso negado. (0x5)
[1113/142504.063:ERROR:process_reader_win.cc(151)] SuspendThread: Acesso negado. (0x5)
[1113/142504.140:ERROR:process_reader_win.cc(123)] NtOpenThread: {Acesso Negado} Um processo solicitou acesso a um objeto, mas o direito de acesso não lhe foi concedido. (0xc0000022)
[1113/142504.140:ERROR:process_reader_win.cc(123)] NtOpenThread: {Acesso Negado} Um processo solicitou acesso a um objeto, mas o direito de acesso não lhe foi concedido. (0xc0000022)
[1113/142504.258:ERROR:exception_snapshot_win.cc(99)] thread ID 13892 not found in process
[1113/142504.258:ERROR:exception_snapshot_win.cc(99)] thread ID 15984 not found in process
[1113/142504.588:ERROR:process_reader_win.cc(123)] NtOpenThread: {Acesso Negado} Um processo solicitou acesso a um objeto, mas o direito de acesso não lhe foi concedido. (0xc0000022)
[1113/142504.588:ERROR:exception_snapshot_win.cc(99)] thread ID 17936 not found in process
[1113/142504.591:ERROR:process_reader_win.cc(123)] NtOpenThread: {Acesso Negado} Um processo solicitou acesso a um objeto, mas o direito de acesso não lhe foi concedido. (0xc0000022)
[1113/142504.591:ERROR:exception_snapshot_win.cc(99)] thread ID 11636 not found in process
[1113/142832.581:ERROR:process_reader_win.cc(151)] SuspendThread: Acesso negado. (0x5)
[1113/142832.583:ERROR:process_reader_win.cc(151)] SuspendThread: Acesso negado. (0x5)
[1113/142832.583:ERROR:process_reader_win.cc(123)] NtOpenThread: {Acesso Negado} Um processo solicitou acesso a um objeto, mas o direito de acesso não lhe foi concedido. (0xc0000022)
[1113/142832.585:ERROR:exception_snapshot_win.cc(99)] thread ID 15032 not found in process
[1113/142832.650:ERROR:process_reader_win.cc(123)] NtOpenThread: {Acesso Negado} Um processo solicitou acesso a um objeto, mas o direito de acesso não lhe foi concedido. (0xc0000022)
[1113/142832.650:ERROR:exception_snapshot_win.cc(99)] thread ID 2100 not found in process
[1113/143016.007:ERROR:process_reader_win.cc(151)] SuspendThread: Acesso negado. (0x5)
[1113/143016.011:ERROR:process_reader_win.cc(151)] SuspendThread: Acesso negado. (0x5)
[1113/143016.011:ERROR:process_reader_win.cc(123)] NtOpenThread: {Acesso Negado} Um processo solicitou acesso a um objeto, mas o direito de acesso não lhe foi concedido. (0xc0000022)
[1113/143016.012:ERROR:exception_snapshot_win.cc(99)] thread ID 15892 not found in process
[1113/143016.061:ERROR:process_reader_win.cc(151)] SuspendThread: Acesso negado. (0x5)
[1113/143016.061:ERROR:process_reader_win.cc(123)] NtOpenThread: {Acesso Negado} Um processo solicitou acesso a um objeto, mas o direito de acesso não lhe foi concedido. (0xc0000022)
[1113/143016.061:ERROR:exception_snapshot_win.cc(99)] thread ID 16356 not found in process
[1113/151306.276:ERROR:process_reader_win.cc(123)] NtOpenThread: {Acesso Negado} Um processo solicitou acesso a um objeto, mas o direito de acesso não lhe foi concedido. (0xc0000022)
[1113/151306.305:ERROR:exception_snapshot_win.cc(99)] thread ID 12656 not found in process
[1113/151306.376:ERROR:process_reader_win.cc(151)] SuspendThread: Acesso negado. (0x5)
[1113/151306.378:ERROR:process_reader_win.cc(151)] SuspendThread: Acesso negado. (0x5)
[1113/151306.378:ERROR:process_reader_win.cc(151)] SuspendThread: Acesso negado. (0x5)
[1113/151306.378:ERROR:process_reader_win.cc(151)] SuspendThread: Acesso negado. (0x5)
[1113/151306.378:ERROR:process_reader_win.cc(151)] SuspendThread: Acesso negado. (0x5)
[1113/151306.378:ERROR:process_reader_win.cc(123)] NtOpenThread: {Acesso Negado} Um processo solicitou acesso a um objeto, mas o direito de acesso não lhe foi concedido. (0xc0000022)
[1113/151306.389:ERROR:exception_snapshot_win.cc(99)] thread ID 9660 not found in process
[1113/151459.232:ERROR:process_reader_win.cc(123)] NtOpenThread: {Acesso Negado} Um processo solicitou acesso a um objeto, mas o direito de acesso não lhe foi concedido. (0xc0000022)
[1113/151459.236:ERROR:exception_snapshot_win.cc(99)] thread ID 17056 not found in process
[1113/151459.280:ERROR:process_reader_win.cc(151)] SuspendThread: Acesso negado. (0x5)
[1113/151459.281:ERROR:process_reader_win.cc(151)] SuspendThread: Acesso negado. (0x5)
[1113/151459.281:ERROR:process_reader_win.cc(123)] NtOpenThread: {Acesso Negado} Um processo solicitou acesso a um objeto, mas o direito de acesso não lhe foi concedido. (0xc0000022)
[1113/151459.281:ERROR:exception_snapshot_win.cc(99)] thread ID 18316 not found in process
[1113/151459.325:ERROR:process_reader_win.cc(123)] NtOpenThread: {Acesso Negado} Um processo solicitou acesso a um objeto, mas o direito de acesso não lhe foi concedido. (0xc0000022)
[1113/151459.325:ERROR:exception_snapshot_win.cc(99)] thread ID 12032 not found in process
[1113/151700.849:ERROR:process_reader_win.cc(123)] NtOpenThread: {Acesso Negado} Um processo solicitou acesso a um objeto, mas o direito de acesso não lhe foi concedido. (0xc0000022)
[1113/151700.851:ERROR:exception_snapshot_win.cc(99)] thread ID 4148 not found in process
[1113/151700.921:ERROR:process_reader_win.cc(123)] NtOpenThread: {Acesso Negado} Um processo solicitou acesso a um objeto, mas o direito de acesso não lhe foi concedido. (0xc0000022)
[1113/151700.922:ERROR:exception_snapshot_win.cc(99)] thread ID 17676 not found in process
[1113/153039.036:ERROR:process_reader_win.cc(123)] NtOpenThread: {Acesso Negado} Um processo solicitou acesso a um objeto, mas o direito de acesso não lhe foi concedido. (0xc0000022)
[1113/153039.378:ERROR:exception_snapshot_win.cc(99)] thread ID 18832 not found in process
[1113/153039.893:ERROR:process_reader_win.cc(151)] SuspendThread: Acesso negado. (0x5)
[1113/153039.895:ERROR:process_reader_win.cc(123)] NtOpenThread: {Acesso Negado} Um processo solicitou acesso a um objeto, mas o direito de acesso não lhe foi concedido. (0xc0000022)
[1113/153039.895:ERROR:exception_snapshot_win.cc(99)] thread ID 18852 not found in process
[1113/153046.093:ERROR:process_reader_win.cc(123)] NtOpenThread: {Acesso Negado} Um processo solicitou acesso a um objeto, mas o direito de acesso não lhe foi concedido. (0xc0000022)
[1113/153046.093:ERROR:exception_snapshot_win.cc(99)] thread ID 18988 not found in process
[1113/153357.214:ERROR:process_reader_win.cc(123)] NtOpenThread: {Acesso Negado} Um processo solicitou acesso a um objeto, mas o direito de acesso não lhe foi concedido. (0xc0000022)
[1113/153357.260:ERROR:exception_snapshot_win.cc(99)] thread ID 17932 not found in process
[1113/153357.463:ERROR:process_reader_win.cc(123)] NtOpenThread: {Acesso Negado} Um processo solicitou acesso a um objeto, mas o direito de acesso não lhe foi concedido. (0xc0000022)
[1113/153357.463:ERROR:exception_snapshot_win.cc(99)] thread ID 15940 not found in process
[1113/154147.877:ERROR:process_reader_win.cc(123)] NtOpenThread: {Acesso Negado} Um processo solicitou acesso a um objeto, mas o direito de acesso não lhe foi concedido. (0xc0000022)
[1113/154147.913:ERROR:exception_snapshot_win.cc(99)] thread ID 11928 not found in process
[1113/154148.075:ERROR:process_reader_win.cc(123)] NtOpenThread: {Acesso Negado} Um processo solicitou acesso a um objeto, mas o direito de acesso não lhe foi concedido. (0xc0000022)
[1113/154148.075:ERROR:exception_snapshot_win.cc(99)] thread ID 19332 not found in process
[1113/154627.976:ERROR:process_reader_win.cc(151)] SuspendThread: Acesso negado. (0x5)
[1113/154627.989:ERROR:process_reader_win.cc(123)] NtOpenThread: {Acesso Negado} Um processo solicitou acesso a um objeto, mas o direito de acesso não lhe foi concedido. (0xc0000022)
[1113/154628.018:ERROR:exception_snapshot_win.cc(99)] thread ID 7376 not found in process
[1113/154628.343:ERROR:process_reader_win.cc(123)] NtOpenThread: {Acesso Negado} Um processo solicitou acesso a um objeto, mas o direito de acesso não lhe foi concedido. (0xc0000022)
[1113/154628.343:ERROR:exception_snapshot_win.cc(99)] thread ID 1536 not found in process
[1113/160517.917:ERROR:directory_reader_win.cc(43)] FindFirstFile: O sistema não pode encontrar o caminho especificado. (0x3)
[1113/161412.057:ERROR:process_reader_win.cc(151)] SuspendThread: Acesso negado. (0x5)
[1113/161412.057:ERROR:process_reader_win.cc(123)] NtOpenThread: {Acesso Negado} Um processo solicitou acesso a um objeto, mas o direito de acesso não lhe foi concedido. (0xc0000022)
[1113/161412.085:ERROR:exception_snapshot_win.cc(99)] thread ID 3728 not found in process
[1113/161412.148:ERROR:process_reader_win.cc(151)] SuspendThread: Acesso negado. (0x5)
[1113/161412.148:ERROR:process_reader_win.cc(151)] SuspendThread: Acesso negado. (0x5)
[1113/161412.148:ERROR:process_reader_win.cc(151)] SuspendThread: Acesso negado. (0x5)
[1113/161412.148:ERROR:process_reader_win.cc(151)] SuspendThread: Acesso negado. (0x5)
[1113/161412.148:ERROR:process_reader_win.cc(123)] NtOpenThread: {Acesso Negado} Um processo solicitou acesso a um objeto, mas o direito de acesso não lhe foi concedido. (0xc0000022)
[1113/161412.148:ERROR:exception_snapshot_win.cc(99)] thread ID 12848 not found in process
[1118/162502.529:ERROR:directory_reader_win.cc(43)] FindFirstFile: O sistema não pode encontrar o caminho especificado. (0x3)
[1118/162643.958:ERROR:process_reader_win.cc(123)] NtOpenThread: {Acesso Negado} Um processo solicitou acesso a um objeto, mas o direito de acesso não lhe foi concedido. (0xc0000022)
[1118/162643.988:ERROR:exception_snapshot_win.cc(99)] thread ID 15644 not found in process
[1118/162644.315:ERROR:process_reader_win.cc(123)] NtOpenThread: {Acesso Negado} Um processo solicitou acesso a um objeto, mas o direito de acesso não lhe foi concedido. (0xc0000022)
[1118/162644.315:ERROR:exception_snapshot_win.cc(99)] thread ID 16932 not found in process
[1118/163742.910:ERROR:directory_reader_win.cc(43)] FindFirstFile: O sistema não pode encontrar o caminho especificado. (0x3)
[1119/101718.328:ERROR:directory_reader_win.cc(43)] FindFirstFile: O sistema não pode encontrar o caminho especificado. (0x3)
[1119/152112.599:ERROR:process_reader_win.cc(123)] NtOpenThread: {Acesso Negado} Um processo solicitou acesso a um objeto, mas o direito de acesso não lhe foi concedido. (0xc0000022)
[1119/152112.631:ERROR:exception_snapshot_win.cc(99)] thread ID 10724 not found in process
[1119/152112.847:ERROR:process_reader_win.cc(123)] NtOpenThread: {Acesso Negado} Um processo solicitou acesso a um objeto, mas o direito de acesso não lhe foi concedido. (0xc0000022)
[1119/152112.848:ERROR:exception_snapshot_win.cc(99)] thread ID 2176 not found in process
[1119/152657.909:ERROR:process_reader_win.cc(151)] SuspendThread: Acesso negado. (0x5)
[1119/152657.930:ERROR:process_reader_win.cc(123)] NtOpenThread: {Acesso Negado} Um processo solicitou acesso a um objeto, mas o direito de acesso não lhe foi concedido. (0xc0000022)
[1119/152657.944:ERROR:exception_snapshot_win.cc(99)] thread ID 14648 not found in process
[1119/152658.001:ERROR:process_reader_win.cc(123)] NtOpenThread: {Acesso Negado} Um processo solicitou acesso a um objeto, mas o direito de acesso não lhe foi concedido. (0xc0000022)
[1119/152658.001:ERROR:exception_snapshot_win.cc(99)] thread ID 12004 not found in process
[1119/153732.707:ERROR:directory_reader_win.cc(43)] FindFirstFile: O sistema não pode encontrar o caminho especificado. (0x3)
[1119/154721.301:ERROR:process_reader_win.cc(123)] NtOpenThread: {Acesso Negado} Um processo solicitou acesso a um objeto, mas o direito de acesso não lhe foi concedido. (0xc0000022)
[1119/154721.332:ERROR:exception_snapshot_win.cc(99)] thread ID 14432 not found in process
[1119/154721.602:ERROR:process_reader_win.cc(123)] NtOpenThread: {Acesso Negado} Um processo solicitou acesso a um objeto, mas o direito de acesso não lhe foi concedido. (0xc0000022)
[1119/154721.602:ERROR:exception_snapshot_win.cc(99)] thread ID 11164 not found in process
[1119/155529.274:ERROR:process_reader_win.cc(123)] NtOpenThread: {Acesso Negado} Um processo solicitou acesso a um objeto, mas o direito de acesso não lhe foi concedido. (0xc0000022)
[1119/155529.290:ERROR:exception_snapshot_win.cc(99)] thread ID 7764 not found in process
[1119/155529.357:ERROR:process_reader_win.cc(123)] NtOpenThread: {Acesso Negado} Um processo solicitou acesso a um objeto, mas o direito de acesso não lhe foi concedido. (0xc0000022)
[1119/155529.357:ERROR:exception_snapshot_win.cc(99)] thread ID 12776 not found in process
[1119/155954.329:ERROR:process_reader_win.cc(151)] SuspendThread: Acesso negado. (0x5)
[1119/155954.348:ERROR:process_reader_win.cc(123)] NtOpenThread: {Acesso Negado} Um processo solicitou acesso a um objeto, mas o direito de acesso não lhe foi concedido. (0xc0000022)
[1119/155954.373:ERROR:exception_snapshot_win.cc(99)] thread ID 17732 not found in process
[1119/155954.658:ERROR:process_reader_win.cc(123)] NtOpenThread: {Acesso Negado} Um processo solicitou acesso a um objeto, mas o direito de acesso não lhe foi concedido. (0xc0000022)
[1119/155954.658:ERROR:exception_snapshot_win.cc(99)] thread ID 9964 not found in process
[1119/155959.349:ERROR:process_reader_win.cc(123)] NtOpenThread: {Acesso Negado} Um processo solicitou acesso a um objeto, mas o direito de acesso não lhe foi concedido. (0xc0000022)
[1119/155959.349:ERROR:exception_snapshot_win.cc(99)] thread ID 13324 not found in process
[1119/160705.689:ERROR:process_reader_win.cc(151)] SuspendThread: Acesso negado. (0x5)
[1119/160705.698:ERROR:process_reader_win.cc(151)] SuspendThread: Acesso negado. (0x5)
[1119/160705.698:ERROR:process_reader_win.cc(123)] NtOpenThread: {Acesso Negado} Um processo solicitou acesso a um objeto, mas o direito de acesso não lhe foi concedido. (0xc0000022)
[1119/160705.723:ERROR:exception_snapshot_win.cc(99)] thread ID 15300 not found in process
[1119/160705.777:ERROR:process_reader_win.cc(151)] SuspendThread: Acesso negado. (0x5)
[1119/160705.777:ERROR:process_reader_win.cc(151)] SuspendThread: Acesso negado. (0x5)
[1119/160705.777:ERROR:process_reader_win.cc(151)] SuspendThread: Acesso negado. (0x5)
[1119/160705.778:ERROR:process_reader_win.cc(151)] SuspendThread: Acesso negado. (0x5)
[1119/160705.778:ERROR:process_reader_win.cc(151)] SuspendThread: Acesso negado. (0x5)
[1119/160705.778:ERROR:process_reader_win.cc(123)] NtOpenThread: {Acesso Negado} Um processo solicitou acesso a um objeto, mas o direito de acesso não lhe foi concedido. (0xc0000022)
[1119/160705.778:ERROR:exception_snapshot_win.cc(99)] thread ID 17468 not found in process
[1119/161301.960:ERROR:process_reader_win.cc(123)] NtOpenThread: {Acesso Negado} Um processo solicitou acesso a um objeto, mas o direito de acesso não lhe foi concedido. (0xc0000022)
[1119/161302.014:ERROR:exception_snapshot_win.cc(99)] thread ID 9648 not found in process
[1119/161302.392:ERROR:process_reader_win.cc(123)] NtOpenThread: {Acesso Negado} Um processo solicitou acesso a um objeto, mas o direito de acesso não lhe foi concedido. (0xc0000022)
[1119/161302.394:ERROR:exception_snapshot_win.cc(99)] thread ID 14204 not found in process
[1119/161302.440:ERROR:process_reader_win.cc(123)] NtOpenThread: {Acesso Negado} Um processo solicitou acesso a um objeto, mas o direito de acesso não lhe foi concedido. (0xc0000022)
[1119/161302.440:ERROR:exception_snapshot_win.cc(99)] thread ID 11620 not found in process
[1119/161302.715:ERROR:process_reader_win.cc(123)] NtOpenThread: {Acesso Negado} Um processo solicitou acesso a um objeto, mas o direito de acesso não lhe foi concedido. (0xc0000022)
[1119/161302.715:ERROR:exception_snapshot_win.cc(99)] thread ID 8140 not found in process
[1119/161302.717:ERROR:process_reader_win.cc(123)] NtOpenThread: {Acesso Negado} Um processo solicitou acesso a um objeto, mas o direito de acesso não lhe foi concedido. (0xc0000022)
[1119/161302.718:ERROR:exception_snapshot_win.cc(99)] thread ID 13724 not found in process
[1119/162853.263:ERROR:process_reader_win.cc(123)] NtOpenThread: {Acesso Negado} Um processo solicitou acesso a um objeto, mas o direito de acesso não lhe foi concedido. (0xc0000022)
[1119/162853.314:ERROR:exception_snapshot_win.cc(99)] thread ID 16996 not found in process
[1119/162853.619:ERROR:process_reader_win.cc(123)] NtOpenThread: {Acesso Negado} Um processo solicitou acesso a um objeto, mas o direito de acesso não lhe foi concedido. (0xc0000022)
[1119/162853.619:ERROR:exception_snapshot_win.cc(99)] thread ID 17096 not found in process
[1119/163937.912:ERROR:process_reader_win.cc(123)] NtOpenThread: {Acesso Negado} Um processo solicitou acesso a um objeto, mas o direito de acesso não lhe foi concedido. (0xc0000022)
[1119/163937.945:ERROR:exception_snapshot_win.cc(99)] thread ID 10608 not found in process
[1119/163938.333:ERROR:process_reader_win.cc(123)] NtOpenThread: {Acesso Negado} Um processo solicitou acesso a um objeto, mas o direito de acesso não lhe foi concedido. (0xc0000022)
[1119/163938.333:ERROR:exception_snapshot_win.cc(99)] thread ID 14848 not found in process
[1119/164100.465:ERROR:process_reader_win.cc(123)] NtOpenThread: {Acesso Negado} Um processo solicitou acesso a um objeto, mas o direito de acesso não lhe foi concedido. (0xc0000022)
[1119/164100.736:ERROR:exception_snapshot_win.cc(99)] thread ID 7884 not found in process
[1119/164101.294:ERROR:process_reader_win.cc(123)] NtOpenThread: {Acesso Negado} Um processo solicitou acesso a um objeto, mas o direito de acesso não lhe foi concedido. (0xc0000022)
[1119/164101.294:ERROR:exception_snapshot_win.cc(99)] thread ID 2024 not found in process
[1119/164555.809:ERROR:process_reader_win.cc(151)] SuspendThread: Acesso negado. (0x5)
[1119/164555.829:ERROR:process_reader_win.cc(151)] SuspendThread: Acesso negado. (0x5)
[1119/164555.829:ERROR:process_reader_win.cc(123)] NtOpenThread: {Acesso Negado} Um processo solicitou acesso a um objeto, mas o direito de acesso não lhe foi concedido. (0xc0000022)
[1119/164555.857:ERROR:exception_snapshot_win.cc(99)] thread ID 12932 not found in process
[1119/164556.125:ERROR:process_reader_win.cc(123)] NtOpenThread: {Acesso Negado} Um processo solicitou acesso a um objeto, mas o direito de acesso não lhe foi concedido. (0xc0000022)
[1119/164556.125:ERROR:exception_snapshot_win.cc(99)] thread ID 3720 not found in process
[1119/165629.439:ERROR:directory_reader_win.cc(43)] FindFirstFile: O sistema não pode encontrar o caminho especificado. (0x3)
[1119/165634.052:ERROR:process_reader_win.cc(123)] NtOpenThread: {Acesso Negado} Um processo solicitou acesso a um objeto, mas o direito de acesso não lhe foi concedido. (0xc0000022)
[1119/165634.075:ERROR:exception_snapshot_win.cc(99)] thread ID 13732 not found in process
[1119/165634.271:ERROR:process_reader_win.cc(123)] NtOpenThread: {Acesso Negado} Um processo solicitou acesso a um objeto, mas o direito de acesso não lhe foi concedido. (0xc0000022)
[1119/165634.271:ERROR:exception_snapshot_win.cc(99)] thread ID 17220 not found in process
